<?xml version="1.0" encoding="UTF-8"?>
<testsuite name="it.tccr.experiment.awslambdatest.AwsLambdaTestApplicationTests" tests="1" skipped="0" failures="0" errors="0" timestamp="2022-04-16T05:59:36" hostname="dolores" time="0.322">
  <properties/>
  <testcase name="contextLoads()" classname="it.tccr.experiment.awslambdatest.AwsLambdaTestApplicationTests" time="0.322"/>
  <system-out><![CDATA[07:59:34.738 [Test worker] DEBUG org.springframework.test.context.BootstrapUtils - Instantiating CacheAwareContextLoaderDelegate from class [org.springframework.test.context.cache.DefaultCacheAwareContextLoaderDelegate]
07:59:34.748 [Test worker] DEBUG org.springframework.test.context.BootstrapUtils - Instantiating BootstrapContext using constructor [public org.springframework.test.context.support.DefaultBootstrapContext(java.lang.Class,org.springframework.test.context.CacheAwareContextLoaderDelegate)]
07:59:34.780 [Test worker] DEBUG org.springframework.test.context.BootstrapUtils - Instantiating TestContextBootstrapper for test class [it.tccr.experiment.awslambdatest.AwsLambdaTestApplicationTests] from class [org.springframework.boot.test.context.SpringBootTestContextBootstrapper]
07:59:34.788 [Test worker] INFO org.springframework.boot.test.context.SpringBootTestContextBootstrapper - Neither @ContextConfiguration nor @ContextHierarchy found for test class [it.tccr.experiment.awslambdatest.AwsLambdaTestApplicationTests], using SpringBootContextLoader
07:59:34.790 [Test worker] DEBUG org.springframework.test.context.support.AbstractContextLoader - Did not detect default resource location for test class [it.tccr.experiment.awslambdatest.AwsLambdaTestApplicationTests]: class path resource [it/tccr/experiment/awslambdatest/AwsLambdaTestApplicationTests-context.xml] does not exist
07:59:34.791 [Test worker] DEBUG org.springframework.test.context.support.AbstractContextLoader - Did not detect default resource location for test class [it.tccr.experiment.awslambdatest.AwsLambdaTestApplicationTests]: class path resource [it/tccr/experiment/awslambdatest/AwsLambdaTestApplicationTestsContext.groovy] does not exist
07:59:34.791 [Test worker] INFO org.springframework.test.context.support.AbstractContextLoader - Could not detect default resource locations for test class [it.tccr.experiment.awslambdatest.AwsLambdaTestApplicationTests]: no resource found for suffixes {-context.xml, Context.groovy}.
07:59:34.792 [Test worker] INFO org.springframework.test.context.support.AnnotationConfigContextLoaderUtils - Could not detect default configuration classes for test class [it.tccr.experiment.awslambdatest.AwsLambdaTestApplicationTests]: AwsLambdaTestApplicationTests does not declare any static, non-private, non-final, nested classes annotated with @Configuration.
07:59:34.824 [Test worker] DEBUG org.springframework.test.context.support.ActiveProfilesUtils - Could not find an 'annotation declaring class' for annotation type [org.springframework.test.context.ActiveProfiles] and class [it.tccr.experiment.awslambdatest.AwsLambdaTestApplicationTests]
07:59:34.869 [Test worker] DEBUG org.springframework.context.annotation.ClassPathScanningCandidateComponentProvider - Identified candidate component class: file [/Users/gilberto/Projects/Miscellanea/experiment-spring-cloud-function/build/classes/java/main/it/tccr/experiment/awslambdatest/AwsLambdaTestApplication.class]
07:59:34.870 [Test worker] INFO org.springframework.boot.test.context.SpringBootTestContextBootstrapper - Found @SpringBootConfiguration it.tccr.experiment.awslambdatest.AwsLambdaTestApplication for test class it.tccr.experiment.awslambdatest.AwsLambdaTestApplicationTests
07:59:34.948 [Test worker] DEBUG org.springframework.boot.test.context.SpringBootTestContextBootstrapper - @TestExecutionListeners is not present for class [it.tccr.experiment.awslambdatest.AwsLambdaTestApplicationTests]: using defaults.
07:59:34.948 [Test worker] INFO org.springframework.boot.test.context.SpringBootTestContextBootstrapper - Loaded default TestExecutionListener class names from location [META-INF/spring.factories]: [org.springframework.boot.test.autoconfigure.restdocs.RestDocsTestExecutionListener, org.springframework.boot.test.autoconfigure.web.client.MockRestServiceServerResetTestExecutionListener, org.springframework.boot.test.autoconfigure.web.servlet.MockMvcPrintOnlyOnFailureTestExecutionListener, org.springframework.boot.test.autoconfigure.web.servlet.WebDriverTestExecutionListener, org.springframework.boot.test.autoconfigure.webservices.client.MockWebServiceServerTestExecutionListener, org.springframework.boot.test.mock.mockito.MockitoTestExecutionListener, org.springframework.boot.test.mock.mockito.ResetMocksTestExecutionListener, org.springframework.test.context.web.ServletTestExecutionListener, org.springframework.test.context.support.DirtiesContextBeforeModesTestExecutionListener, org.springframework.test.context.event.ApplicationEventsTestExecutionListener, org.springframework.test.context.support.DependencyInjectionTestExecutionListener, org.springframework.test.context.support.DirtiesContextTestExecutionListener, org.springframework.test.context.transaction.TransactionalTestExecutionListener, org.springframework.test.context.jdbc.SqlScriptsTestExecutionListener, org.springframework.test.context.event.EventPublishingTestExecutionListener]
07:59:34.956 [Test worker] DEBUG org.springframework.boot.test.context.SpringBootTestContextBootstrapper - Skipping candidate TestExecutionListener [org.springframework.test.context.transaction.TransactionalTestExecutionListener] due to a missing dependency. Specify custom listener classes or make the default listener classes and their required dependencies available. Offending class: [org/springframework/transaction/interceptor/TransactionAttributeSource]
07:59:34.956 [Test worker] DEBUG org.springframework.boot.test.context.SpringBootTestContextBootstrapper - Skipping candidate TestExecutionListener [org.springframework.test.context.jdbc.SqlScriptsTestExecutionListener] due to a missing dependency. Specify custom listener classes or make the default listener classes and their required dependencies available. Offending class: [org/springframework/transaction/interceptor/TransactionAttribute]
07:59:34.957 [Test worker] INFO org.springframework.boot.test.context.SpringBootTestContextBootstrapper - Using TestExecutionListeners: [org.springframework.test.context.web.ServletTestExecutionListener@328cf0e1, org.springframework.test.context.support.DirtiesContextBeforeModesTestExecutionListener@63b1d4fa, org.springframework.test.context.event.ApplicationEventsTestExecutionListener@42e3ede4, org.springframework.boot.test.mock.mockito.MockitoTestExecutionListener@201b6b6f, org.springframework.boot.test.autoconfigure.SpringBootDependencyInjectionTestExecutionListener@75459c75, org.springframework.test.context.support.DirtiesContextTestExecutionListener@183e8023, org.springframework.test.context.event.EventPublishingTestExecutionListener@45efc20d, org.springframework.boot.test.autoconfigure.restdocs.RestDocsTestExecutionListener@3e5499cc, org.springframework.boot.test.autoconfigure.web.client.MockRestServiceServerResetTestExecutionListener@67ab1c47, org.springframework.boot.test.autoconfigure.web.servlet.MockMvcPrintOnlyOnFailureTestExecutionListener@b78a709, org.springframework.boot.test.autoconfigure.web.servlet.WebDriverTestExecutionListener@30bcf3c1, org.springframework.boot.test.autoconfigure.webservices.client.MockWebServiceServerTestExecutionListener@2a3c96e3, org.springframework.boot.test.mock.mockito.ResetMocksTestExecutionListener@15cafec7]
07:59:34.960 [Test worker] DEBUG org.springframework.test.context.support.AbstractDirtiesContextTestExecutionListener - Before test class: context [DefaultTestContext@41e350f1 testClass = AwsLambdaTestApplicationTests, testInstance = [null], testMethod = [null], testException = [null], mergedContextConfiguration = [WebMergedContextConfiguration@422c3c7a testClass = AwsLambdaTestApplicationTests, locations = '{}', classes = '{class it.tccr.experiment.awslambdatest.AwsLambdaTestApplication}', contextInitializerClasses = '[]', activeProfiles = '{}', propertySourceLocations = '{}', propertySourceProperties = '{org.springframework.boot.test.context.SpringBootTestContextBootstrapper=true}', contextCustomizers = set[org.springframework.boot.test.autoconfigure.actuate.metrics.MetricsExportContextCustomizerFactory$DisableMetricExportContextCustomizer@4397ad89, org.springframework.boot.test.autoconfigure.properties.PropertyMappingContextCustomizer@0, org.springframework.boot.test.autoconfigure.web.servlet.WebDriverContextCustomizerFactory$Customizer@4241e0f4, org.springframework.boot.test.context.filter.ExcludeFilterContextCustomizer@38604b81, org.springframework.boot.test.json.DuplicateJsonObjectContextCustomizerFactory$DuplicateJsonObjectContextCustomizer@babafc2, org.springframework.boot.test.mock.mockito.MockitoContextCustomizer@0, org.springframework.boot.test.web.client.TestRestTemplateContextCustomizer@d771cc9, org.springframework.boot.test.context.SpringBootTestArgs@1, org.springframework.boot.test.context.SpringBootTestWebEnvironment@c0c2f8d], resourceBasePath = 'src/main/webapp', contextLoader = 'org.springframework.boot.test.context.SpringBootContextLoader', parent = [null]], attributes = map['org.springframework.test.context.web.ServletTestExecutionListener.activateListener' -> true]], class annotated with @DirtiesContext [false] with mode [null].

  .   ____          _            __ _ _
 /\\ / ___'_ __ _ _(_)_ __  __ _ \ \ \ \
( ( )\___ | '_ | '_| | '_ \/ _` | \ \ \ \
 \\/  ___)| |_)| | | | | || (_| |  ) ) ) )
  '  |____| .__|_| |_|_| |_\__, | / / / /
 =========|_|==============|___/=/_/_/_/
 :: Spring Boot ::                (v2.6.6)

2022-04-16 07:59:35.270  INFO 34275 --- [    Test worker] i.t.e.a.AwsLambdaTestApplicationTests    : Starting AwsLambdaTestApplicationTests using Java 17.0.2 on dolores with PID 34275 (started by gilberto in /Users/gilberto/Projects/Miscellanea/experiment-spring-cloud-function)
2022-04-16 07:59:35.272  INFO 34275 --- [    Test worker] i.t.e.a.AwsLambdaTestApplicationTests    : No active profile set, falling back to 1 default profile: "default"
2022-04-16 07:59:36.693  INFO 34275 --- [    Test worker] o.s.c.f.web.mvc.FunctionHandlerMapping   : FunctionCatalog: org.springframework.cloud.function.context.catalog.BeanFactoryAwareFunctionRegistry@1ff15a50
2022-04-16 07:59:36.727  INFO 34275 --- [    Test worker] i.t.e.a.AwsLambdaTestApplicationTests    : Started AwsLambdaTestApplicationTests in 1.732 seconds (JVM running for 2.583)
]]></system-out>
  <system-err><![CDATA[]]></system-err>
</testsuite>
